<?xml version="1.0" encoding="UTF-8"?>
<!-- Generated by org.testng.reporters.JUnitXMLReporter -->
<testsuite hostname="Viveks-MacBook-Pro.local" ignored="0" name="basicTest" tests="1" failures="0" timestamp="28 Jun 2021 12:57:07 GMT" time="0.053" errors="0">
  <testcase name="@BeforeTest beforeTest" time="0.01" classname="com.google.search.SearchEngine.Base.BaseTest">
    <failure type="java.lang.NullPointerException">
      <![CDATA[java.lang.NullPointerException
at com.google.search.SearchEngine.Base.DriverFactory.setup(DriverFactory.java:31)
at com.google.search.SearchEngine.Base.BaseTest.beforeTest(BaseTest.java:39)
at java.util.concurrent.FutureTask.run(FutureTask.java:266)
at java.util.concurrent.ThreadPoolExecutor.runWorker(ThreadPoolExecutor.java:1149)
at java.util.concurrent.ThreadPoolExecutor$Worker.run(ThreadPoolExecutor.java:624)
at java.lang.Thread.run(Thread.java:748)
... Removed 15 stack frames]]>
    </failure>
  </testcase> <!-- @BeforeTest beforeTest -->
  <testcase name="@BeforeMethod beforeMethod" time="0.0" classname="com.google.search.SearchEngine.Base.BaseTest">
    <skipped/>
  </testcase> <!-- @BeforeMethod beforeMethod -->
  <testcase name="@AfterMethod afterMethod" time="0.0" classname="com.google.search.SearchEngine.Base.BaseTest">
    <skipped/>
  </testcase> <!-- @AfterMethod afterMethod -->
  <testcase name="@AfterTest afterTest" time="0.0" classname="com.google.search.SearchEngine.Base.BaseTest">
    <skipped/>
  </testcase> <!-- @AfterTest afterTest -->
  <testcase name="smampletest" time="0.0" classname="com.google.search.SearchEngine.Test.GoogleSearchTest">
    <skipped/>
  </testcase> <!-- smampletest -->
</testsuite> <!-- basicTest -->
