<?xml version="1.0" encoding="UTF-8"?>
<testng-results skipped="1" failed="0" ignored="0" total="1" passed="0">
  <reporter-output>
  </reporter-output>
  <suite name="Web sampleTest" duration-ms="53" started-at="2021-06-28T12:57:02Z" finished-at="2021-06-28T12:57:02Z">
    <groups>
    </groups>
    <test name="basicTest" duration-ms="53" started-at="2021-06-28T12:57:02Z" finished-at="2021-06-28T12:57:02Z">
      <class name="com.google.search.SearchEngine.Test.GoogleSearchTest">
        <test-method status="PASS" signature="beforeSuite()[pri:0, instance:com.google.search.SearchEngine.Test.GoogleSearchTest@67514bdd]" name="beforeSuite" is-config="true" duration-ms="226" started-at="2021-06-28T12:57:01Z" finished-at="2021-06-28T12:57:02Z">
          <reporter-output>
          </reporter-output>
        </test-method> <!-- beforeSuite -->
        <test-method status="FAIL" signature="beforeTest()[pri:0, instance:com.google.search.SearchEngine.Test.GoogleSearchTest@67514bdd]" name="beforeTest" is-config="true" duration-ms="10" started-at="2021-06-28T12:57:02Z" finished-at="2021-06-28T12:57:02Z">
          <exception class="java.lang.NullPointerException">
            <full-stacktrace>
              <![CDATA[java.lang.NullPointerException
at com.google.search.SearchEngine.Base.DriverFactory.setup(DriverFactory.java:31)
at com.google.search.SearchEngine.Base.BaseTest.beforeTest(BaseTest.java:39)
at sun.reflect.NativeMethodAccessorImpl.invoke0(Native Method)
at sun.reflect.NativeMethodAccessorImpl.invoke(NativeMethodAccessorImpl.java:62)
at sun.reflect.DelegatingMethodAccessorImpl.invoke(DelegatingMethodAccessorImpl.java:43)
at java.lang.reflect.Method.invoke(Method.java:498)
at org.testng.internal.MethodInvocationHelper.invokeMethod(MethodInvocationHelper.java:124)
at org.testng.internal.MethodInvocationHelper.invokeMethodConsideringTimeout(MethodInvocationHelper.java:59)
at org.testng.internal.Invoker.invokeConfigurationMethod(Invoker.java:455)
at org.testng.internal.Invoker.invokeConfigurations(Invoker.java:222)
at org.testng.internal.Invoker.invokeConfigurations(Invoker.java:142)
at org.testng.TestRunner.beforeRun(TestRunner.java:529)
at org.testng.TestRunner.run(TestRunner.java:497)
at org.testng.SuiteRunner.runTest(SuiteRunner.java:455)
at org.testng.SuiteRunner.access$000(SuiteRunner.java:40)
at org.testng.SuiteRunner$SuiteWorker.run(SuiteRunner.java:489)
at org.testng.internal.thread.ThreadUtil$1.call(ThreadUtil.java:52)
at java.util.concurrent.FutureTask.run(FutureTask.java:266)
at java.util.concurrent.ThreadPoolExecutor.runWorker(ThreadPoolExecutor.java:1149)
at java.util.concurrent.ThreadPoolExecutor$Worker.run(ThreadPoolExecutor.java:624)
at java.lang.Thread.run(Thread.java:748)
]]>
            </full-stacktrace>
          </exception> <!-- java.lang.NullPointerException -->
          <reporter-output>
          </reporter-output>
        </test-method> <!-- beforeTest -->
        <test-method status="SKIP" signature="beforeMethod(java.lang.reflect.Method)[pri:0, instance:com.google.search.SearchEngine.Test.GoogleSearchTest@67514bdd]" name="beforeMethod" is-config="true" duration-ms="0" started-at="2021-06-28T12:57:02Z" finished-at="2021-06-28T12:57:02Z">
          <reporter-output>
          </reporter-output>
        </test-method> <!-- beforeMethod -->
        <test-method status="SKIP" signature="smampletest()[pri:0, instance:com.google.search.SearchEngine.Test.GoogleSearchTest@67514bdd]" name="smampletest" duration-ms="0" started-at="2021-06-28T12:57:02Z" finished-at="2021-06-28T12:57:02Z">
          <exception class="java.lang.NullPointerException">
            <full-stacktrace>
              <![CDATA[java.lang.NullPointerException
at com.google.search.SearchEngine.Base.DriverFactory.setup(DriverFactory.java:31)
at com.google.search.SearchEngine.Base.BaseTest.beforeTest(BaseTest.java:39)
at sun.reflect.NativeMethodAccessorImpl.invoke0(Native Method)
at sun.reflect.NativeMethodAccessorImpl.invoke(NativeMethodAccessorImpl.java:62)
at sun.reflect.DelegatingMethodAccessorImpl.invoke(DelegatingMethodAccessorImpl.java:43)
at java.lang.reflect.Method.invoke(Method.java:498)
at org.testng.internal.MethodInvocationHelper.invokeMethod(MethodInvocationHelper.java:124)
at org.testng.internal.MethodInvocationHelper.invokeMethodConsideringTimeout(MethodInvocationHelper.java:59)
at org.testng.internal.Invoker.invokeConfigurationMethod(Invoker.java:455)
at org.testng.internal.Invoker.invokeConfigurations(Invoker.java:222)
at org.testng.internal.Invoker.invokeConfigurations(Invoker.java:142)
at org.testng.TestRunner.beforeRun(TestRunner.java:529)
at org.testng.TestRunner.run(TestRunner.java:497)
at org.testng.SuiteRunner.runTest(SuiteRunner.java:455)
at org.testng.SuiteRunner.access$000(SuiteRunner.java:40)
at org.testng.SuiteRunner$SuiteWorker.run(SuiteRunner.java:489)
at org.testng.internal.thread.ThreadUtil$1.call(ThreadUtil.java:52)
at java.util.concurrent.FutureTask.run(FutureTask.java:266)
at java.util.concurrent.ThreadPoolExecutor.runWorker(ThreadPoolExecutor.java:1149)
at java.util.concurrent.ThreadPoolExecutor$Worker.run(ThreadPoolExecutor.java:624)
at java.lang.Thread.run(Thread.java:748)
]]>
            </full-stacktrace>
          </exception> <!-- java.lang.NullPointerException -->
          <reporter-output>
          </reporter-output>
        </test-method> <!-- smampletest -->
        <test-method status="SKIP" signature="afterMethod(org.testng.ITestResult)[pri:0, instance:com.google.search.SearchEngine.Test.GoogleSearchTest@67514bdd]" name="afterMethod" is-config="true" duration-ms="0" started-at="2021-06-28T12:57:02Z" finished-at="2021-06-28T12:57:02Z">
          <reporter-output>
          </reporter-output>
        </test-method> <!-- afterMethod -->
        <test-method status="SKIP" signature="afterTest()[pri:0, instance:com.google.search.SearchEngine.Test.GoogleSearchTest@67514bdd]" name="afterTest" is-config="true" duration-ms="0" started-at="2021-06-28T12:57:02Z" finished-at="2021-06-28T12:57:02Z">
          <reporter-output>
          </reporter-output>
        </test-method> <!-- afterTest -->
        <test-method status="SKIP" signature="afterSuite()[pri:0, instance:com.google.search.SearchEngine.Test.GoogleSearchTest@67514bdd]" name="afterSuite" is-config="true" duration-ms="0" started-at="2021-06-28T12:57:07Z" finished-at="2021-06-28T12:57:07Z">
          <reporter-output>
          </reporter-output>
        </test-method> <!-- afterSuite -->
      </class> <!-- com.google.search.SearchEngine.Test.GoogleSearchTest -->
    </test> <!-- basicTest -->
  </suite> <!-- Web sampleTest -->
</testng-results>
